TN:
SF:src/fileHelper.js
FN:3,getFilesStatus
FNF:1
FNH:1
FNDA:1,getFilesStatus
DA:1,1
DA:2,1
DA:3,1
DA:4,1
DA:5,1
DA:6,1
DA:7,1
DA:8,1
DA:9,1
DA:10,1
DA:11,1
DA:12,1
DA:13,1
DA:14,1
DA:15,1
DA:16,1
DA:17,1
DA:18,1
DA:19,1
DA:20,1
DA:21,1
DA:22,1
DA:23,1
DA:24,1
DA:25,1
DA:26,1
DA:27,1
DA:28,1
DA:29,1
DA:30,1
DA:31,1
DA:32,1
DA:33,1
LF:33
LH:33
BRDA:3,0,0,1
BRDA:11,1,0,1
BRF:2
BRH:2
end_of_record
TN:
SF:src/logger.js
FNF:0
FNH:0
DA:1,1
DA:2,1
DA:3,1
DA:4,1
DA:5,1
DA:6,1
DA:7,1
DA:8,1
DA:9,1
LF:9
LH:9
BRF:0
BRH:0
end_of_record
TN:
SF:src/routes.js
FN:12,Routes
FN:18,setSocketInstance
FN:21,DefaultRoute
FN:26,options
FN:30,post
FN:43,onFinish
FN:56,get
FN:64,handler
FNF:8
FNH:8
FNDA:8,Routes
FNDA:1,setSocketInstance
FNDA:2,DefaultRoute
FNDA:1,options
FNDA:1,post
FNDA:1,onFinish
FNDA:1,get
FNDA:7,handler
DA:1,1
DA:2,1
DA:3,1
DA:4,1
DA:5,1
DA:6,1
DA:7,1
DA:8,1
DA:9,1
DA:10,1
DA:11,1
DA:12,1
DA:13,8
DA:14,8
DA:15,8
DA:16,1
DA:17,1
DA:18,1
DA:19,1
DA:20,1
DA:21,1
DA:22,2
DA:23,2
DA:24,2
DA:25,1
DA:26,1
DA:27,1
DA:28,1
DA:29,1
DA:30,1
DA:31,1
DA:32,1
DA:33,1
DA:34,1
DA:35,1
DA:36,1
DA:37,1
DA:38,1
DA:39,1
DA:40,1
DA:41,1
DA:42,1
DA:43,1
DA:44,1
DA:45,1
DA:46,1
DA:47,1
DA:48,1
DA:49,1
DA:50,1
DA:51,1
DA:52,1
DA:53,1
DA:54,1
DA:55,1
DA:56,1
DA:57,1
DA:58,1
DA:59,1
DA:60,1
DA:61,1
DA:62,1
DA:63,1
DA:64,1
DA:65,7
DA:66,7
DA:67,7
DA:68,7
DA:69,7
DA:70,7
DA:71,7
DA:72,7
DA:73,7
DA:74,7
DA:75,7
DA:76,7
DA:77,7
DA:78,7
DA:79,7
DA:80,7
DA:81,1
DA:82,1
DA:83,1
LF:83
LH:83
BRDA:12,0,0,8
BRDA:18,1,0,1
BRDA:21,2,0,2
BRDA:26,3,0,1
BRDA:30,4,0,1
BRDA:43,5,0,1
BRDA:44,6,0,1
BRDA:56,7,0,1
BRDA:64,8,0,7
BRDA:75,9,0,2
BRF:10
BRH:10
end_of_record
TN:
SF:src/uploadHandler.js
FN:3,UploadHandler
FN:11,canExecute
FN:16,handleFileBytes
FN:18,handleData
FN:36,onFile
FN:57,registerEvents
FNF:6
FNH:6
FNDA:7,UploadHandler
FNDA:5,canExecute
FNDA:2,handleFileBytes
FNDA:2,handleData
FNDA:1,onFile
FNDA:1,registerEvents
DA:1,1
DA:2,1
DA:3,1
DA:4,7
DA:5,7
DA:6,7
DA:7,7
DA:8,7
DA:9,7
DA:10,7
DA:11,1
DA:12,5
DA:13,5
DA:14,5
DA:15,5
DA:16,5
DA:17,2
DA:18,2
DA:19,2
DA:20,2
DA:21,2
DA:22,2
DA:23,2
DA:24,4
DA:25,4
DA:26,4
DA:27,4
DA:28,4
DA:29,4
DA:30,3
DA:31,3
DA:32,3
DA:33,3
DA:34,3
DA:35,3
DA:36,1
DA:37,1
DA:38,1
DA:39,1
DA:40,1
DA:41,1
DA:42,1
DA:43,1
DA:44,1
DA:45,1
DA:46,1
DA:47,1
DA:48,1
DA:49,1
DA:50,1
DA:51,1
DA:52,1
DA:53,1
DA:54,1
DA:55,1
DA:56,1
DA:57,1
DA:58,1
DA:59,1
DA:60,1
DA:61,1
DA:62,1
DA:63,1
DA:64,1
DA:65,1
DA:66,1
DA:67,1
DA:68,1
DA:69,1
DA:70,1
DA:71,1
DA:72,1
LF:72
LH:72
BRDA:3,0,0,7
BRDA:11,1,0,5
BRDA:16,2,0,2
BRDA:18,3,0,2
BRDA:23,4,0,4
BRDA:28,5,0,1
BRDA:29,6,0,3
BRDA:36,7,0,1
BRDA:57,8,0,1
BRF:9
BRH:9
end_of_record
