TN:
SF:src/routes.js
FN:1,Routes
FN:4,setSocketInstance
FN:8,DefaultRoute
FN:13,options
FN:17,post
FN:22,get
FN:27,handler
FNF:7
FNH:2
FNDA:1,Routes
FNDA:1,setSocketInstance
FNDA:0,DefaultRoute
FNDA:0,options
FNDA:0,post
FNDA:0,get
FNDA:0,handler
DA:1,1
DA:2,1
DA:3,1
DA:4,1
DA:5,1
DA:6,1
DA:7,1
DA:8,1
DA:9,0
DA:10,0
DA:11,0
DA:12,1
DA:13,1
DA:14,0
DA:15,0
DA:16,0
DA:17,1
DA:18,0
DA:19,0
DA:20,0
DA:21,0
DA:22,1
DA:23,0
DA:24,0
DA:25,0
DA:26,1
DA:27,1
DA:28,0
DA:29,0
DA:30,0
DA:31,0
DA:32,0
DA:33,0
DA:34,0
DA:35,0
DA:36,0
DA:37,0
DA:38,0
DA:39,0
DA:40,0
DA:41,0
DA:42,0
DA:43,1
DA:44,1
DA:45,1
LF:45
LH:17
BRDA:1,0,0,1
BRDA:4,1,0,1
BRF:2
BRH:2
end_of_record
